<?xml version="1.0" encoding="UTF-8"?>
<!-- Generated by org.testng.reporters.JUnitReportReporter -->
<testsuite skipped="0" hostname="CO-IT002705" name="com.globant.testing.exercise1.tests.buyTicketsBasicFlow" tests="1" failures="0" timestamp="17 sep 2019 20:07:32 GMT" time="47.421" errors="0">
  <testcase name="selectFlightsTest" time="47.421" classname="com.globant.testing.exercise1.tests.buyTicketsBasicFlow"/>
</testsuite> <!-- com.globant.testing.exercise1.tests.buyTicketsBasicFlow -->
