<?xml version="1.0" encoding="UTF-8"?>
<!-- Generated by org.testng.reporters.JUnitReportReporter -->
<testsuite skipped="0" hostname="CO-IT002705" name="com.globant.testing.exercise1.tests.SearchFormTest" tests="1" failures="0" timestamp="17 sep 2019 13:55:10 GMT" time="29.798" errors="0">
  <testcase name="completeFormTest" time="29.798" classname="com.globant.testing.exercise1.tests.SearchFormTest"/>
</testsuite> <!-- com.globant.testing.exercise1.tests.SearchFormTest -->
